#
# A fatal error has been detected by the Java Runtime Environment:
#
#  SIGSEGV (0xb) at pc=0x000000010c846916, pid=50071, tid=18691
#
# JRE version: Java(TM) SE Runtime Environment (8.0_65-b17) (build 1.8.0_65-b17)
# Java VM: Java HotSpot(TM) 64-Bit Server VM (25.65-b01 mixed mode bsd-amd64 compressed oops)
# Problematic frame:
# V  [libjvm.dylib+0x446916]
#
# Failed to write core dump. Core dumps have been disabled. To enable core dumping, try "ulimit -c unlimited" before starting Java again
#
# If you would like to submit a bug report, please visit:
#   http://bugreport.java.com/bugreport/crash.jsp
#

---------------  T H R E A D  ---------------

Current thread (0x00007f85c4814000):  JavaThread "JDWP Transport Listener: dt_socket" daemon [_thread_in_vm, id=18691, stack(0x0000000125f2f000,0x000000012602f000)]

siginfo: si_signo: 11 (SIGSEGV), si_code: 0 (unknown), si_addr: 0x0000000000000000

Registers:
RAX=0x0000000000000001, RBX=0x1ae00000007fff7b, RCX=0x000000010cc15310, RDX=0x000000012602ea8b
RSP=0x000000012602e9d0, RBP=0x000000012602e9e0, RSI=0x00007f85c4814000, RDI=0x00007f85c3d00003
R8 =0x0000000000000003, R9 =0x00007f85c3d00000, R10=0x0000000000000020, R11=0x00007f85c3d00000
R12=0x00007f85c4814000, R13=0x00007f85c3d00003, R14=0x00007f85c3d00003, R15=0x00007f85c5100490
RIP=0x000000010c846916, EFLAGS=0x0000000000010206, ERR=0x0000000000000000
  TRAPNO=0x000000000000000d

Top of Stack: (sp=0x000000012602e9d0)
0x000000012602e9d0:   000000012602ea8b 000000012602ea8b
0x000000012602e9e0:   000000012602ea40 000000010c755a02
0x000000012602e9f0:   00007f85c4814000 0000000000000000
0x000000012602ea00:   0000000000000000 0000000000000000
0x000000012602ea10:   00007f85c4814000 00007f85c4814000
0x000000012602ea20:   000000012602ea8b 000000012602ea90
0x000000012602ea30:   00007f85c3d00003 0000000000000002
0x000000012602ea40:   000000012602ea60 000000010d3de780
0x000000012602ea50:   0000000000000001 000000012602eb08
0x000000012602ea60:   000000012602ead0 000000010d3c31f3
0x000000012602ea70:   000000012602eaa0 00007f85c3d0aa60
0x000000012602ea80:   0000000300000032 000000090002eb08
0x000000012602ea90:   0000000000000000 0000000000000000
0x000000012602eaa0:   0000000000000000 000000012602ec90
0x000000012602eab0:   000000010d3e5e7a 00007f85c3c06b30
0x000000012602eac0:   000000012602eb08 000000010d3f1598
0x000000012602ead0:   000000012602eae0 000000010d3c32ec
0x000000012602eae0:   000000012602ed00 000000010d3cc898
0x000000012602eaf0:   000620d100000013 00000000000f0200
0x000000012602eb00:   00007f85c3c0fc80 000000012602ebab
0x000000012602eb10:   00007f85000000d9 000000012602eb20
0x000000012602eb20:   00007f8500000053 000000012602eb58
0x000000012602eb30:   0000000000000000 00007f0000000000
0x000000012602eb40:   000620d100000030 00007fff0000b780
0x000000012602eb50:   000000012602eb58 857f000003000000
0x000000012602eb60:   06000000a0b1d0c3 00003e74696e693c
0x000000012602eb70:   0000005629280300 7f00000100000000
0x000000012602eb80:   000000b0b1d0c385 6142746e756f6310
0x000000012602eb90:   70696873656c7474 5b5b280600000073
0x000000012602eba0:   0000000000492943 0000006472090000
0x000000012602ebb0:   00000000435b5b03 0000000043000000
0x000000012602ebc0:   0300000000000000 0000006d01000000 

Instructions: (pc=0x000000010c846916)
0x000000010c8468f6:   31 c0 5d c3 55 48 89 e5 53 48 83 ec 08 48 85 ff
0x000000010c846906:   74 24 48 8b 1f 48 85 db 74 1c 48 83 fb 37 74 16
0x000000010c846916:   48 8b 03 48 89 df ff 50 10 84 c0 b8 00 00 00 00
0x000000010c846926:   48 0f 45 c3 eb 02 31 c0 48 83 c4 08 5b 5d c3 90 

Register to memory mapping:

RAX=0x0000000000000001 is an unknown value
RBX=0x1ae00000007fff7b is an unknown value
RCX=0x000000010cc15310: UseMembar+0 in /Library/Java/JavaVirtualMachines/jdk1.8.0_65.jdk/Contents/Home/jre/lib/server/libjvm.dylib at 0x000000010c400000
RDX=0x000000012602ea8b is pointing into the stack for thread: 0x00007f85c4814000
RSP=0x000000012602e9d0 is pointing into the stack for thread: 0x00007f85c4814000
RBP=0x000000012602e9e0 is pointing into the stack for thread: 0x00007f85c4814000
RSI=0x00007f85c4814000 is a thread
RDI=0x00007f85c3d00003 is an unknown value
R8 =0x0000000000000003 is an unknown value
R9 =0x00007f85c3d00000 is an unknown value
R10=0x0000000000000020 is an unknown value
R11=0x00007f85c3d00000 is an unknown value
R12=0x00007f85c4814000 is a thread
R13=0x00007f85c3d00003 is an unknown value
R14=0x00007f85c3d00003 is an unknown value
R15=0x00007f85c5100490 is an unknown value


Stack: [0x0000000125f2f000,0x000000012602f000],  sp=0x000000012602e9d0,  free space=1022k
Native frames: (J=compiled Java code, j=interpreted, Vv=VM code, C=native code)
V  [libjvm.dylib+0x446916]
V  [libjvm.dylib+0x355a02]
C  [libjdwp.dylib+0x20780]  isMethodSynthetic+0x63
C  [libjdwp.dylib+0x51f3]  methods1+0x10b
C  [libjdwp.dylib+0x52ec]  methodsWithGeneric+0xe
C  [libjdwp.dylib+0xe898]  debugLoop_run+0x1ce
C  [libjdwp.dylib+0x1f6ba]  attachThread+0x4d
V  [libjvm.dylib+0x396d60]
V  [libjvm.dylib+0x5612d3]
V  [libjvm.dylib+0x5629ce]
V  [libjvm.dylib+0x48342e]
C  [libsystem_pthread.dylib+0x405a]  _pthread_body+0x83
C  [libsystem_pthread.dylib+0x3fd7]  _pthread_body+0x0
C  [libsystem_pthread.dylib+0x13ed]  thread_start+0xd
C  0x0000000000000000


---------------  P R O C E S S  ---------------

Java Threads: ( => current thread )
  0x00007f85c7004800 JavaThread "Service Thread" daemon [_thread_blocked, id=22275, stack(0x0000000126644000,0x0000000126744000)]
  0x00007f85c4021800 JavaThread "C1 CompilerThread3" daemon [_thread_blocked, id=21763, stack(0x0000000126541000,0x0000000126641000)]
  0x00007f85c4816800 JavaThread "C2 CompilerThread2" daemon [_thread_blocked, id=21251, stack(0x000000012643e000,0x000000012653e000)]
  0x00007f85c6008800 JavaThread "C2 CompilerThread1" daemon [_thread_blocked, id=20739, stack(0x000000012633b000,0x000000012643b000)]
  0x00007f85c4816000 JavaThread "C2 CompilerThread0" daemon [_thread_blocked, id=20227, stack(0x0000000126238000,0x0000000126338000)]
  0x00007f85c5800800 JavaThread "JDWP Command Reader" daemon [_thread_in_native, id=19715, stack(0x0000000126135000,0x0000000126235000)]
  0x00007f85c4815000 JavaThread "JDWP Event Helper Thread" daemon [_thread_blocked, id=19203, stack(0x0000000126032000,0x0000000126132000)]
=>0x00007f85c4814000 JavaThread "JDWP Transport Listener: dt_socket" daemon [_thread_in_vm, id=18691, stack(0x0000000125f2f000,0x000000012602f000)]
  0x00007f85c6884000 JavaThread "Signal Dispatcher" daemon [_thread_blocked, id=15379, stack(0x0000000125e25000,0x0000000125f25000)]
  0x00007f85c686e800 JavaThread "Finalizer" daemon [_thread_blocked, id=13571, stack(0x000000012440a000,0x000000012450a000)]
  0x00007f85c686d800 JavaThread "Reference Handler" daemon [_thread_blocked, id=13059, stack(0x0000000124307000,0x0000000124407000)]
  0x00007f85c480a800 JavaThread "main" [_thread_blocked, id=4867, stack(0x000000010b2c5000,0x000000010b3c5000)]

Other Threads:
  0x00007f85c686b000 VMThread [stack: 0x0000000124204000,0x0000000124304000] [id=12547]
  0x00007f85c4014800 WatcherThread [stack: 0x0000000126747000,0x0000000126847000] [id=22787]

VM state:not at safepoint (normal execution)

VM Mutex/Monitor currently owned by a thread: None

Heap:
 PSYoungGen      total 38400K, used 3328K [0x0000000795580000, 0x0000000798000000, 0x00000007c0000000)
  eden space 33280K, 10% used [0x0000000795580000,0x00000007958c00d0,0x0000000797600000)
  from space 5120K, 0% used [0x0000000797b00000,0x0000000797b00000,0x0000000798000000)
  to   space 5120K, 0% used [0x0000000797600000,0x0000000797600000,0x0000000797b00000)
 ParOldGen       total 87552K, used 0K [0x0000000740000000, 0x0000000745580000, 0x0000000795580000)
  object space 87552K, 0% used [0x0000000740000000,0x0000000740000000,0x0000000745580000)
 Metaspace       used 2701K, capacity 4564K, committed 4864K, reserved 1056768K
  class space    used 289K, capacity 388K, committed 512K, reserved 1048576K

Card table byte_map: [0x000000011c7c9000,0x000000011cbca000] byte_map_base: 0x0000000118dc9000

Marking Bits: (ParMarkBitMap*) 0x000000010ccdee20
 Begin Bits: [0x000000011d68d000, 0x000000011f68d000)
 End Bits:   [0x000000011f68d000, 0x000000012168d000)

Polling page: 0x000000010b3d5000

CodeCache: size=245760Kb used=1170Kb max_used=1170Kb free=244589Kb
 bounds [0x000000010d409000, 0x000000010d679000, 0x000000011c409000]
 total_blobs=290 nmethods=67 adapters=145
 compilation: enabled

Compilation events (10 events):
Event: 0.161 Thread 0x00007f85c4021800   63       1       java.net.URL::getQuery (5 bytes)
Event: 0.161 Thread 0x00007f85c4021800 nmethod 63 0x000000010d52a250 code [0x000000010d52a3a0, 0x000000010d52a4b0]
Event: 0.161 Thread 0x00007f85c4021800   64       1       java.net.URL::getRef (5 bytes)
Event: 0.161 Thread 0x00007f85c4021800 nmethod 64 0x000000010d52a510 code [0x000000010d52a660, 0x000000010d52a770]
Event: 0.162 Thread 0x00007f85c4021800   65       1       java.io.File::getPrefixLength (5 bytes)
Event: 0.162 Thread 0x00007f85c4021800 nmethod 65 0x000000010d52a7d0 code [0x000000010d52a920, 0x000000010d52aa30]
Event: 0.162 Thread 0x00007f85c4021800   66       3       java.lang.String::getBytes (27 bytes)
Event: 0.163 Thread 0x00007f85c4021800 nmethod 66 0x000000010d52aa90 code [0x000000010d52ac20, 0x000000010d52aeb8]
Event: 0.163 Thread 0x00007f85c4021800   67   !   3       java.lang.StringCoding::encode (120 bytes)
Event: 0.165 Thread 0x00007f85c4021800 nmethod 67 0x000000010d52b010 code [0x000000010d52b360, 0x000000010d52cc38]

GC Heap History (0 events):
No events

Deoptimization events (1 events):
Event: 0.163 Thread 0x00007f85c480a800 Uncommon trap: reason=unstable_if action=reinterpret pc=0x000000010d5279cc method=java.lang.String.hashCode()I @ 14

Internal exceptions (10 events):
Event: 0.148 Thread 0x00007f85c480a800 Exception <a 'java/security/PrivilegedActionException'> (0x00000007958385c8) thrown at [/Users/java_re/workspace/8-2-build-macosx-x86_64/jdk8u65/4987/hotspot/src/share/vm/prims/jvm.cpp, line 1386]
Event: 0.149 Thread 0x00007f85c480a800 Exception <a 'java/util/zip/ZipException'> (0x0000000795839348) thrown at [/Users/java_re/workspace/8-2-build-macosx-x86_64/jdk8u65/4987/hotspot/src/share/vm/prims/jni.cpp, line 709]
Event: 0.149 Thread 0x00007f85c480a800 Exception <a 'java/security/PrivilegedActionException'> (0x0000000795839550) thrown at [/Users/java_re/workspace/8-2-build-macosx-x86_64/jdk8u65/4987/hotspot/src/share/vm/prims/jvm.cpp, line 1386]
Event: 0.149 Thread 0x00007f85c480a800 Exception <a 'java/security/PrivilegedActionException'> (0x0000000795839760) thrown at [/Users/java_re/workspace/8-2-build-macosx-x86_64/jdk8u65/4987/hotspot/src/share/vm/prims/jvm.cpp, line 1386]
Event: 0.150 Thread 0x00007f85c480a800 Exception <a 'java/util/zip/ZipException'> (0x000000079583a4e0) thrown at [/Users/java_re/workspace/8-2-build-macosx-x86_64/jdk8u65/4987/hotspot/src/share/vm/prims/jni.cpp, line 709]
Event: 0.150 Thread 0x00007f85c480a800 Exception <a 'java/security/PrivilegedActionException'> (0x000000079583a6e8) thrown at [/Users/java_re/workspace/8-2-build-macosx-x86_64/jdk8u65/4987/hotspot/src/share/vm/prims/jvm.cpp, line 1386]
Event: 0.150 Thread 0x00007f85c480a800 Exception <a 'java/security/PrivilegedActionException'> (0x000000079583a8f8) thrown at [/Users/java_re/workspace/8-2-build-macosx-x86_64/jdk8u65/4987/hotspot/src/share/vm/prims/jvm.cpp, line 1386]
Event: 0.152 Thread 0x00007f85c480a800 Exception <a 'java/util/zip/ZipException'> (0x000000079584c1e0) thrown at [/Users/java_re/workspace/8-2-build-macosx-x86_64/jdk8u65/4987/hotspot/src/share/vm/prims/jni.cpp, line 709]
Event: 0.153 Thread 0x00007f85c480a800 Exception <a 'java/security/PrivilegedActionException'> (0x000000079584c3e8) thrown at [/Users/java_re/workspace/8-2-build-macosx-x86_64/jdk8u65/4987/hotspot/src/share/vm/prims/jvm.cpp, line 1386]
Event: 0.153 Thread 0x00007f85c480a800 Exception <a 'java/security/PrivilegedActionException'> (0x000000079584c5f8) thrown at [/Users/java_re/workspace/8-2-build-macosx-x86_64/jdk8u65/4987/hotspot/src/share/vm/prims/jvm.cpp, line 1386]

Events (10 events):
Event: 493.534 Executing VM operation: GetOrSetLocal
Event: 493.534 Executing VM operation: GetOrSetLocal done
Event: 493.535 Executing VM operation: GetOrSetLocal
Event: 493.535 Executing VM operation: GetOrSetLocal done
Event: 493.535 Executing VM operation: GetOrSetLocal
Event: 493.535 Executing VM operation: GetOrSetLocal done
Event: 979.615 Executing VM operation: ChangeBreakpoints
Event: 979.615 Executing VM operation: ChangeBreakpoints done
Event: 1022.832 Executing VM operation: RedefineClasses
Event: 1022.833 Executing VM operation: RedefineClasses done


Dynamic libraries:
0x000000000a5a1000 	/System/Library/Frameworks/Cocoa.framework/Versions/A/Cocoa
0x000000000a5a1000 	/System/Library/Frameworks/Security.framework/Versions/A/Security
0x000000000a5a1000 	/System/Library/Frameworks/ApplicationServices.framework/Versions/A/ApplicationServices
0x000000000a5a1000 	/usr/lib/libz.1.dylib
0x000000000a5a1000 	/usr/lib/libSystem.B.dylib
0x000000000a5a1000 	/usr/lib/libobjc.A.dylib
0x000000000a5a1000 	/System/Library/Frameworks/CoreFoundation.framework/Versions/A/CoreFoundation
0x000000000a5a1000 	/System/Library/Frameworks/Foundation.framework/Versions/C/Foundation
0x000000000a5a1000 	/System/Library/Frameworks/AppKit.framework/Versions/C/AppKit
0x000000000a5a1000 	/System/Library/Frameworks/CoreData.framework/Versions/A/CoreData
0x000000000a5a1000 	/System/Library/PrivateFrameworks/RemoteViewServices.framework/Versions/A/RemoteViewServices
0x000000000a5a1000 	/System/Library/PrivateFrameworks/UIFoundation.framework/Versions/A/UIFoundation
0x000000000a5a1000 	/System/Library/Frameworks/IOSurface.framework/Versions/A/IOSurface
0x000000000a5a1000 	/System/Library/Frameworks/AudioToolbox.framework/Versions/A/AudioToolbox
0x000000000a5a1000 	/System/Library/Frameworks/AudioUnit.framework/Versions/A/AudioUnit
0x000000000a5a1000 	/System/Library/PrivateFrameworks/DataDetectorsCore.framework/Versions/A/DataDetectorsCore
0x000000000a5a1000 	/System/Library/PrivateFrameworks/DesktopServicesPriv.framework/Versions/A/DesktopServicesPriv
0x000000000a5a1000 	/System/Library/Frameworks/Carbon.framework/Versions/A/Frameworks/HIToolbox.framework/Versions/A/HIToolbox
0x000000000a5a1000 	/System/Library/Frameworks/QuartzCore.framework/Versions/A/QuartzCore
0x000000000a5a1000 	/System/Library/Frameworks/Carbon.framework/Versions/A/Frameworks/SpeechRecognition.framework/Versions/A/SpeechRecognition
0x000000000a5a1000 	/usr/lib/libauto.dylib
0x000000000a5a1000 	/usr/lib/libicucore.A.dylib
0x000000000a5a1000 	/usr/lib/libxml2.2.dylib
0x000000000a5a1000 	/System/Library/PrivateFrameworks/CoreUI.framework/Versions/A/CoreUI
0x000000000a5a1000 	/System/Library/Frameworks/CoreAudio.framework/Versions/A/CoreAudio
0x000000000a5a1000 	/System/Library/Frameworks/DiskArbitration.framework/Versions/A/DiskArbitration
0x000000000a5a1000 	/usr/lib/liblangid.dylib
0x000000000a5a1000 	/System/Library/PrivateFrameworks/MultitouchSupport.framework/Versions/A/MultitouchSupport
0x000000000a5a1000 	/System/Library/Frameworks/IOKit.framework/Versions/A/IOKit
0x000000000a5a1000 	/usr/lib/libDiagnosticMessagesClient.dylib
0x000000000a5a1000 	/System/Library/Frameworks/CoreServices.framework/Versions/A/CoreServices
0x000000000a5a1000 	/System/Library/PrivateFrameworks/PerformanceAnalysis.framework/Versions/A/PerformanceAnalysis
0x000000000a5a1000 	/System/Library/PrivateFrameworks/GenerationalStorage.framework/Versions/A/GenerationalStorage
0x000000000a5a1000 	/System/Library/Frameworks/OpenGL.framework/Versions/A/OpenGL
0x000000000a5a1000 	/System/Library/PrivateFrameworks/Sharing.framework/Versions/A/Sharing
0x000000000a5a1000 	/System/Library/Frameworks/CoreGraphics.framework/Versions/A/CoreGraphics
0x000000000a5a1000 	/System/Library/Frameworks/CoreText.framework/Versions/A/CoreText
0x000000000a5a1000 	/System/Library/Frameworks/ImageIO.framework/Versions/A/ImageIO
0x000000000a5a1000 	/usr/lib/libextension.dylib
0x000000000a5a1000 	/System/Library/PrivateFrameworks/Backup.framework/Versions/A/Backup
0x000000000a5a1000 	/usr/lib/libarchive.2.dylib
0x000000000a5a1000 	/System/Library/Frameworks/CFNetwork.framework/Versions/A/CFNetwork
0x000000000a5a1000 	/System/Library/Frameworks/SystemConfiguration.framework/Versions/A/SystemConfiguration
0x000000000a5a1000 	/usr/lib/libCRFSuite.dylib
0x000000000a5a1000 	/usr/lib/libc++.1.dylib
0x000000000a5a1000 	/usr/lib/libc++abi.dylib
0x000000000a5a1000 	/usr/lib/system/libcache.dylib
0x000000000a5a1000 	/usr/lib/system/libcommonCrypto.dylib
0x000000000a5a1000 	/usr/lib/system/libcompiler_rt.dylib
0x000000000a5a1000 	/usr/lib/system/libcopyfile.dylib
0x000000000a5a1000 	/usr/lib/system/libcorecrypto.dylib
0x000000000a5a1000 	/usr/lib/system/libdispatch.dylib
0x000000000a5a1000 	/usr/lib/system/libdyld.dylib
0x000000000a5a1000 	/usr/lib/system/libkeymgr.dylib
0x000000000a5a1000 	/usr/lib/system/liblaunch.dylib
0x000000000a5a1000 	/usr/lib/system/libmacho.dylib
0x000000000a5a1000 	/usr/lib/system/libquarantine.dylib
0x000000000a5a1000 	/usr/lib/system/libremovefile.dylib
0x000000000a5a1000 	/usr/lib/system/libsystem_asl.dylib
0x000000000a5a1000 	/usr/lib/system/libsystem_blocks.dylib
0x000000000a5a1000 	/usr/lib/system/libsystem_c.dylib
0x000000000a5a1000 	/usr/lib/system/libsystem_configuration.dylib
0x000000000a5a1000 	/usr/lib/system/libsystem_coreservices.dylib
0x000000000a5a1000 	/usr/lib/system/libsystem_coretls.dylib
0x000000000a5a1000 	/usr/lib/system/libsystem_dnssd.dylib
0x000000000a5a1000 	/usr/lib/system/libsystem_info.dylib
0x000000000a5a1000 	/usr/lib/system/libsystem_kernel.dylib
0x000000000a5a1000 	/usr/lib/system/libsystem_m.dylib
0x000000000a5a1000 	/usr/lib/system/libsystem_malloc.dylib
0x000000000a5a1000 	/usr/lib/system/libsystem_network.dylib
0x000000000a5a1000 	/usr/lib/system/libsystem_networkextension.dylib
0x000000000a5a1000 	/usr/lib/system/libsystem_notify.dylib
0x000000000a5a1000 	/usr/lib/system/libsystem_platform.dylib
0x000000000a5a1000 	/usr/lib/system/libsystem_pthread.dylib
0x000000000a5a1000 	/usr/lib/system/libsystem_sandbox.dylib
0x000000000a5a1000 	/usr/lib/system/libsystem_secinit.dylib
0x000000000a5a1000 	/usr/lib/system/libsystem_stats.dylib
0x000000000a5a1000 	/usr/lib/system/libsystem_trace.dylib
0x000000000a5a1000 	/usr/lib/system/libunc.dylib
0x000000000a5a1000 	/usr/lib/system/libunwind.dylib
0x000000000a5a1000 	/usr/lib/system/libxpc.dylib
0x000000000a5a1000 	/usr/lib/libbz2.1.0.dylib
0x000000000a5a1000 	/usr/lib/liblzma.5.dylib
0x000000000a5a1000 	/usr/lib/libbsm.0.dylib
0x000000000a5a1000 	/usr/lib/libsqlite3.dylib
0x000000000a5a1000 	/usr/lib/system/libkxld.dylib
0x000000000a5a1000 	/usr/lib/libxar.1.dylib
0x000000000a5a1000 	/usr/lib/libpam.2.dylib
0x000000000a5a1000 	/usr/lib/libOpenScriptingUtil.dylib
0x000000000a5a1000 	/System/Library/Frameworks/CoreServices.framework/Versions/A/Frameworks/FSEvents.framework/Versions/A/FSEvents
0x000000000a5a1000 	/System/Library/Frameworks/CoreServices.framework/Versions/A/Frameworks/CarbonCore.framework/Versions/A/CarbonCore
0x000000000a5a1000 	/System/Library/Frameworks/CoreServices.framework/Versions/A/Frameworks/Metadata.framework/Versions/A/Metadata
0x000000000a5a1000 	/System/Library/Frameworks/CoreServices.framework/Versions/A/Frameworks/OSServices.framework/Versions/A/OSServices
0x000000000a5a1000 	/System/Library/Frameworks/CoreServices.framework/Versions/A/Frameworks/SearchKit.framework/Versions/A/SearchKit
0x000000000a5a1000 	/System/Library/Frameworks/CoreServices.framework/Versions/A/Frameworks/AE.framework/Versions/A/AE
0x000000000a5a1000 	/System/Library/Frameworks/CoreServices.framework/Versions/A/Frameworks/LaunchServices.framework/Versions/A/LaunchServices
0x000000000a5a1000 	/System/Library/Frameworks/CoreServices.framework/Versions/A/Frameworks/DictionaryServices.framework/Versions/A/DictionaryServices
0x000000000a5a1000 	/System/Library/Frameworks/NetFS.framework/Versions/A/NetFS
0x000000000a5a1000 	/System/Library/PrivateFrameworks/NetAuth.framework/Versions/A/NetAuth
0x000000000a5a1000 	/System/Library/PrivateFrameworks/login.framework/Versions/A/Frameworks/loginsupport.framework/Versions/A/loginsupport
0x000000000a5a1000 	/System/Library/PrivateFrameworks/TCC.framework/Versions/A/TCC
0x000000000a5a1000 	/usr/lib/libmecabra.dylib
0x000000000a5a1000 	/System/Library/Frameworks/ApplicationServices.framework/Versions/A/Frameworks/ATS.framework/Versions/A/ATS
0x000000000a5a1000 	/System/Library/Frameworks/ApplicationServices.framework/Versions/A/Frameworks/ColorSync.framework/Versions/A/ColorSync
0x000000000a5a1000 	/System/Library/Frameworks/ApplicationServices.framework/Versions/A/Frameworks/HIServices.framework/Versions/A/HIServices
0x000000000a5a1000 	/System/Library/Frameworks/ApplicationServices.framework/Versions/A/Frameworks/LangAnalysis.framework/Versions/A/LangAnalysis
0x000000000a5a1000 	/System/Library/Frameworks/ApplicationServices.framework/Versions/A/Frameworks/PrintCore.framework/Versions/A/PrintCore
0x000000000a5a1000 	/System/Library/Frameworks/ApplicationServices.framework/Versions/A/Frameworks/QD.framework/Versions/A/QD
0x000000000a5a1000 	/System/Library/Frameworks/ApplicationServices.framework/Versions/A/Frameworks/SpeechSynthesis.framework/Versions/A/SpeechSynthesis
0x000000000a5a1000 	/System/Library/Frameworks/Accelerate.framework/Versions/A/Accelerate
0x000000000a5a1000 	/System/Library/Frameworks/Accelerate.framework/Versions/A/Frameworks/vImage.framework/Versions/A/vImage
0x000000000a5a1000 	/System/Library/Frameworks/Accelerate.framework/Versions/A/Frameworks/vecLib.framework/Versions/A/vecLib
0x000000000a5a1000 	/System/Library/Frameworks/Accelerate.framework/Versions/A/Frameworks/vecLib.framework/Versions/A/libvDSP.dylib
0x000000000a5a1000 	/System/Library/Frameworks/Accelerate.framework/Versions/A/Frameworks/vecLib.framework/Versions/A/libvMisc.dylib
0x000000000a5a1000 	/System/Library/Frameworks/Accelerate.framework/Versions/A/Frameworks/vecLib.framework/Versions/A/libLAPACK.dylib
0x000000000a5a1000 	/System/Library/Frameworks/Accelerate.framework/Versions/A/Frameworks/vecLib.framework/Versions/A/libBLAS.dylib
0x000000000a5a1000 	/System/Library/Frameworks/Accelerate.framework/Versions/A/Frameworks/vecLib.framework/Versions/A/libLinearAlgebra.dylib
0x000000000a5a1000 	/System/Library/Frameworks/ApplicationServices.framework/Versions/A/Frameworks/ATS.framework/Versions/A/Resources/libFontParser.dylib
0x000000000a5a1000 	/System/Library/Frameworks/ApplicationServices.framework/Versions/A/Frameworks/ATS.framework/Versions/A/Resources/libFontRegistry.dylib
0x000000000a5a1000 	/System/Library/PrivateFrameworks/AppleVPA.framework/Versions/A/AppleVPA
0x000000000a5a1000 	/System/Library/PrivateFrameworks/AppleJPEG.framework/Versions/A/AppleJPEG
0x000000000a5a1000 	/System/Library/Frameworks/ImageIO.framework/Versions/A/Resources/libJPEG.dylib
0x000000000a5a1000 	/System/Library/Frameworks/ImageIO.framework/Versions/A/Resources/libTIFF.dylib
0x000000000a5a1000 	/System/Library/Frameworks/ImageIO.framework/Versions/A/Resources/libPng.dylib
0x000000000a5a1000 	/System/Library/Frameworks/ImageIO.framework/Versions/A/Resources/libGIF.dylib
0x000000000a5a1000 	/System/Library/Frameworks/ImageIO.framework/Versions/A/Resources/libJP2.dylib
0x000000000a5a1000 	/System/Library/Frameworks/ImageIO.framework/Versions/A/Resources/libRadiance.dylib
0x000000000a5a1000 	/System/Library/Frameworks/CoreVideo.framework/Versions/A/CoreVideo
0x000000000a5a1000 	/System/Library/Frameworks/OpenGL.framework/Versions/A/Libraries/libGLU.dylib
0x000000000a5a1000 	/System/Library/Frameworks/OpenGL.framework/Versions/A/Libraries/libGFXShared.dylib
0x000000000a5a1000 	/System/Library/Frameworks/OpenGL.framework/Versions/A/Libraries/libGL.dylib
0x000000000a5a1000 	/System/Library/Frameworks/OpenGL.framework/Versions/A/Libraries/libGLImage.dylib
0x000000000a5a1000 	/System/Library/Frameworks/OpenGL.framework/Versions/A/Libraries/libCVMSPluginSupport.dylib
0x000000000a5a1000 	/System/Library/Frameworks/OpenGL.framework/Versions/A/Libraries/libCoreVMClient.dylib
0x000000000a5a1000 	/usr/lib/libcups.2.dylib
0x000000000a5a1000 	/System/Library/Frameworks/Kerberos.framework/Versions/A/Kerberos
0x000000000a5a1000 	/System/Library/Frameworks/GSS.framework/Versions/A/GSS
0x000000000a5a1000 	/usr/lib/libresolv.9.dylib
0x000000000a5a1000 	/usr/lib/libiconv.2.dylib
0x000000000a5a1000 	/System/Library/PrivateFrameworks/Heimdal.framework/Versions/A/Heimdal
0x000000000a5a1000 	/usr/lib/libheimdal-asn1.dylib
0x000000000a5a1000 	/System/Library/Frameworks/OpenDirectory.framework/Versions/A/OpenDirectory
0x000000000a5a1000 	/System/Library/PrivateFrameworks/CommonAuth.framework/Versions/A/CommonAuth
0x000000000a5a1000 	/System/Library/Frameworks/OpenDirectory.framework/Versions/A/Frameworks/CFOpenDirectory.framework/Versions/A/CFOpenDirectory
0x000000000a5a1000 	/System/Library/Frameworks/SecurityFoundation.framework/Versions/A/SecurityFoundation
0x000000000a5a1000 	/System/Library/PrivateFrameworks/LanguageModeling.framework/Versions/A/LanguageModeling
0x000000000a5a1000 	/usr/lib/libcmph.dylib
0x000000000a5a1000 	/System/Library/Frameworks/ServiceManagement.framework/Versions/A/ServiceManagement
0x000000000a5a1000 	/usr/lib/libxslt.1.dylib
0x000000000a5a1000 	/System/Library/Frameworks/Carbon.framework/Versions/A/Frameworks/Ink.framework/Versions/A/Ink
0x000000000a5a1000 	/System/Library/Frameworks/QuartzCore.framework/Versions/A/Frameworks/CoreImage.framework/Versions/A/CoreImage
0x000000000a5a1000 	/System/Library/PrivateFrameworks/CrashReporterSupport.framework/Versions/A/CrashReporterSupport
0x000000000a5a1000 	/System/Library/Frameworks/OpenCL.framework/Versions/A/OpenCL
0x000000000a5a1000 	/System/Library/PrivateFrameworks/FaceCore.framework/Versions/A/FaceCore
0x000000000a5a1000 	/System/Library/PrivateFrameworks/Ubiquity.framework/Versions/A/Ubiquity
0x000000000a5a1000 	/System/Library/PrivateFrameworks/IconServices.framework/Versions/A/IconServices
0x000000000a5a1000 	/System/Library/PrivateFrameworks/ChunkingLibrary.framework/Versions/A/ChunkingLibrary
0x000000000a5a1000 	/System/Library/PrivateFrameworks/Apple80211.framework/Versions/A/Apple80211
0x000000000a5a1000 	/System/Library/Frameworks/CoreWLAN.framework/Versions/A/CoreWLAN
0x000000000a5a1000 	/System/Library/Frameworks/IOBluetooth.framework/Versions/A/IOBluetooth
0x000000000a5a1000 	/System/Library/PrivateFrameworks/CoreWiFi.framework/Versions/A/CoreWiFi
0x000000000a5a1000 	/System/Library/Frameworks/CoreBluetooth.framework/Versions/A/CoreBluetooth
0x000000000a5a1000 	/System/Library/PrivateFrameworks/DebugSymbols.framework/Versions/A/DebugSymbols
0x000000000a5a1000 	/System/Library/PrivateFrameworks/CoreSymbolication.framework/Versions/A/CoreSymbolication
0x000000000a5a1000 	/System/Library/PrivateFrameworks/Symbolication.framework/Versions/A/Symbolication
0x000000000a5a1000 	/System/Library/PrivateFrameworks/SpeechRecognitionCore.framework/Versions/A/SpeechRecognitionCore
0x000000010c400000 	/Library/Java/JavaVirtualMachines/jdk1.8.0_65.jdk/Contents/Home/jre/lib/server/libjvm.dylib
0x000000000a5a1000 	/usr/lib/libstdc++.6.dylib
0x000000010b3c7000 	/Library/Java/JavaVirtualMachines/jdk1.8.0_65.jdk/Contents/Home/jre/lib/libverify.dylib
0x000000010d389000 	/Library/Java/JavaVirtualMachines/jdk1.8.0_65.jdk/Contents/Home/jre/lib/libjava.dylib
0x000000010d3be000 	/Library/Java/JavaVirtualMachines/jdk1.8.0_65.jdk/Contents/Home/jre/lib/libjdwp.dylib
0x000000010b3d6000 	/Library/Java/JavaVirtualMachines/jdk1.8.0_65.jdk/Contents/Home/jre/lib/libnpt.dylib
0x000000010b3e3000 	/Library/Java/JavaVirtualMachines/jdk1.8.0_65.jdk/Contents/Home/jre/lib/libzip.dylib
0x000000012450c000 	/System/Library/Frameworks/JavaVM.framework/Frameworks/JavaRuntimeSupport.framework/JavaRuntimeSupport
0x0000000124527000 	/System/Library/Frameworks/JavaVM.framework/Versions/A/Frameworks/JavaNativeFoundation.framework/Versions/A/JavaNativeFoundation
0x000000010b3ed000 	/System/Library/Frameworks/JavaVM.framework/Versions/A/JavaVM
0x000000000a5a1000 	/System/Library/Frameworks/Carbon.framework/Versions/A/Carbon
0x000000012453c000 	/System/Library/PrivateFrameworks/JavaLaunching.framework/Versions/A/JavaLaunching
0x000000000a5a1000 	/System/Library/Frameworks/Carbon.framework/Versions/A/Frameworks/CommonPanels.framework/Versions/A/CommonPanels
0x000000000a5a1000 	/System/Library/Frameworks/Carbon.framework/Versions/A/Frameworks/Help.framework/Versions/A/Help
0x000000000a5a1000 	/System/Library/Frameworks/Carbon.framework/Versions/A/Frameworks/ImageCapture.framework/Versions/A/ImageCapture
0x000000000a5a1000 	/System/Library/Frameworks/Carbon.framework/Versions/A/Frameworks/OpenScripting.framework/Versions/A/OpenScripting
0x000000000a5a1000 	/System/Library/Frameworks/Carbon.framework/Versions/A/Frameworks/Print.framework/Versions/A/Print
0x000000000a5a1000 	/System/Library/Frameworks/Carbon.framework/Versions/A/Frameworks/SecurityHI.framework/Versions/A/SecurityHI
0x0000000125f27000 	/Library/Java/JavaVirtualMachines/jdk1.8.0_65.jdk/Contents/Home/jre/lib/libdt_socket.dylib

VM Arguments:
jvm_args: -agentlib:jdwp=transport=dt_socket,address=127.0.0.1:49192,suspend=y,server=n -Dfile.encoding=UTF-8 
java_command: Battleship419
java_class_path (initial): /Library/Java/JavaVirtualMachines/jdk1.8.0_65.jdk/Contents/Home/jre/lib/charsets.jar:/Library/Java/JavaVirtualMachines/jdk1.8.0_65.jdk/Contents/Home/jre/lib/deploy.jar:/Library/Java/JavaVirtualMachines/jdk1.8.0_65.jdk/Contents/Home/jre/lib/ext/cldrdata.jar:/Library/Java/JavaVirtualMachines/jdk1.8.0_65.jdk/Contents/Home/jre/lib/ext/commons-dbcp-1.2.2.jar:/Library/Java/JavaVirtualMachines/jdk1.8.0_65.jdk/Contents/Home/jre/lib/ext/dnsns.jar:/Library/Java/JavaVirtualMachines/jdk1.8.0_65.jdk/Contents/Home/jre/lib/ext/jaccess.jar:/Library/Java/JavaVirtualMachines/jdk1.8.0_65.jdk/Contents/Home/jre/lib/ext/jfxrt.jar:/Library/Java/JavaVirtualMachines/jdk1.8.0_65.jdk/Contents/Home/jre/lib/ext/localedata.jar:/Library/Java/JavaVirtualMachines/jdk1.8.0_65.jdk/Contents/Home/jre/lib/ext/nashorn.jar:/Library/Java/JavaVirtualMachines/jdk1.8.0_65.jdk/Contents/Home/jre/lib/ext/ojdbc6.jar:/Library/Java/JavaVirtualMachines/jdk1.8.0_65.jdk/Contents/Home/jre/lib/ext/postgresql-9.4.1208.jar:/Library/Java/JavaVirtualMachines/jdk1.8.0_65.jdk/Contents/Home/jre/lib/ext/sunec.jar:/Library/Java/JavaVirtualMachines/jdk1.8.0_65.jdk/Contents/Home/jre/lib/ext/sunjce_provider.jar:/Library/Java/JavaVirtualMachines/jdk1.8.0_65.jdk/Contents/Home/jre/lib/ext/sunpkcs11.jar:/Library/Java/JavaVirtualMachines/jdk1.8.0_65.jdk/Contents/Home/jre/lib/ext/zipfs.jar:/Library/Java/JavaVirtualMachines/jdk1.8.0_65.jdk/Contents/Home/jre/lib/javaws.jar:/Library/Java/JavaVirtualMachines/jdk1.8.0_65.jdk/Contents/Home/jre/lib/jce.jar:/Library/Java/JavaVirtualMachines/jdk1.8.0_65.jdk/Contents/Home/jre/lib/jfr.jar:/Library/Java/JavaVirtualMachines/jdk1.8.0_65.jdk/Contents/Home/jre/lib/jfxswt.jar:/Library/Java/JavaVirtualMachines/jdk1.8.0_65.jdk/Contents/Home/jre/lib/jsse.jar:/Library/Java/JavaVirtualMachines/jdk1.8.0_65.jdk/Contents/Home/jre/lib/management-agent.jar:/Library/Java/JavaVirtualMachines/jdk1.8.0_65.jdk/Contents/Home/jre/lib/plugin.jar:/Library/Java/JavaVirtualMachines/jdk1.8.0_65.jd
Launcher Type: SUN_STANDARD

Environment Variables:
JAVA_HOME=/Library/Java/JavaVirtualMachines/jdk1.7.0_55.jdk/Contents/Home
PATH=/opt/local/bin:/opt/local/sbin:/Users/pxu/dev/kona-scripts://usr/local/git/bin:/usr/local/bin:/usr/bin:/bin:/usr/sbin:/sbin:/usr/local/git/bin:/Users/pxu/Environment/apache-maven-3.2.1//bin:/Users/pxu/Environment/EAP-6.4.0//bin:/Users/pxu/.node/bin:/Users/pxu/dev/utility-belt
SHELL=/bin/bash

Signal Handlers:
SIGSEGV: [libjvm.dylib+0x5a6d31], sa_mask[0]=11111111011111110111111111111111, sa_flags=SA_ONSTACK|SA_RESTART|SA_SIGINFO
SIGBUS: [libjvm.dylib+0x5a6d31], sa_mask[0]=11111111011111110111111111111111, sa_flags=SA_RESTART|SA_SIGINFO
SIGFPE: [libjvm.dylib+0x480a40], sa_mask[0]=11111111011111110111111111111111, sa_flags=SA_RESTART|SA_SIGINFO
SIGPIPE: [libjvm.dylib+0x480a40], sa_mask[0]=11111111011111110111111111111111, sa_flags=SA_RESTART|SA_SIGINFO
SIGXFSZ: [libjvm.dylib+0x480a40], sa_mask[0]=11111111011111110111111111111111, sa_flags=SA_RESTART|SA_SIGINFO
SIGILL: [libjvm.dylib+0x480a40], sa_mask[0]=11111111011111110111111111111111, sa_flags=SA_RESTART|SA_SIGINFO
SIGUSR1: SIG_DFL, sa_mask[0]=00000000000000000000000000000000, sa_flags=none
SIGUSR2: [libjvm.dylib+0x48055e], sa_mask[0]=00100000000000000000000000000000, sa_flags=SA_RESTART|SA_SIGINFO
SIGHUP: [libjvm.dylib+0x47eb35], sa_mask[0]=11111111011111110111111111111111, sa_flags=SA_RESTART|SA_SIGINFO
SIGINT: [libjvm.dylib+0x47eb35], sa_mask[0]=11111111011111110111111111111111, sa_flags=SA_RESTART|SA_SIGINFO
SIGTERM: [libjvm.dylib+0x47eb35], sa_mask[0]=11111111011111110111111111111111, sa_flags=SA_RESTART|SA_SIGINFO
SIGQUIT: [libjvm.dylib+0x47eb35], sa_mask[0]=11111111011111110111111111111111, sa_flags=SA_RESTART|SA_SIGINFO


---------------  S Y S T E M  ---------------

OS:Bsduname:Darwin 14.5.0 Darwin Kernel Version 14.5.0: Fri Feb 17 10:33:20 PST 2017; root:xnu-2782.50.9.1.1~1/RELEASE_X86_64 x86_64
rlimit: STACK 8192k, CORE 0k, NPROC 709, NOFILE 10240, AS infinity
load average:3.34 2.94 2.71

CPU:total 8 (4 cores per cpu, 2 threads per core) family 6 model 70 stepping 1, cmov, cx8, fxsr, mmx, sse, sse2, sse3, ssse3, sse4.1, sse4.2, popcnt, avx, avx2, aes, clmul, erms, lzcnt, ht, tsc, tscinvbit, bmi1, bmi2

Memory: 4k page, physical 8388608k(211412k free)

/proc/meminfo:


vm_info: Java HotSpot(TM) 64-Bit Server VM (25.65-b01) for bsd-amd64 JRE (1.8.0_65-b17), built on Oct  6 2015 15:36:46 by "java_re" with gcc 4.2.1 (Based on Apple Inc. build 5658) (LLVM build 2336.11.00)

time: Sat Aug 12 15:00:11 2017
elapsed time: 1022 seconds (0d 0h 17m 2s)

